2026-05-10 15:44:34  INFO      __main__  Loading training split metadata …
2026-05-10 15:44:35  INFO      __main__  Split sizes — train: 17418, val: 2183, test: 2198
2026-05-10 15:44:35  INFO      __main__  Collecting training signals to fit normalizer …
2026-05-10 15:51:09  INFO      __main__  Training signal array shape: (17418, 12, 1000)
2026-05-10 15:51:10  INFO      __main__  Per-lead mean range: [-0.0024, 0.0016]
2026-05-10 15:51:10  INFO      __main__  Per-lead std  range: [0.1359,  0.3313]
2026-05-10 15:51:10  INFO      __main__  Computing class distribution …
2026-05-10 15:51:12  INFO      __main__  pos_weight (for BCEWithLogitsLoss): [1.2930489778518677, 2.9776203632354736, 3.261805772781372, 3.4581520557403564, 7.21991491317749]
2026-05-10 15:51:13  INFO      __main__  Saved pos_weight to data\processed\pos_weight.npy
2026-05-10 15:51:13  INFO      __main__  Preprocessing complete.
2026-05-11 15:03:52  ERROR     __main__  Missing: data\raw\ptbxl_database.csv. Run scripts/download_data.py for instructions.
2026-05-11 15:04:50  INFO      __main__  Loading split metadata (sampling_rate=500) …
2026-05-11 15:04:51  INFO      __main__  Split sizes — train: 17418, val: 2183, test: 2198
2026-05-11 15:04:51  INFO      __main__  Fitting per-lead z-score normalizer (streaming, constant memory) …
2026-05-11 15:11:53  INFO      __main__  Per-lead mean range: [-0.0017, 0.0016]
2026-05-11 15:11:53  INFO      __main__  Per-lead std  range: [0.1422,  0.3377]
2026-05-11 15:11:53  INFO      __main__  Computing class distribution …
2026-05-11 15:11:55  INFO      __main__  pos_weight (for BCEWithLogitsLoss): [1.2930489778518677, 2.9776203632354736, 3.261805772781372, 3.4581520557403564, 7.21991491317749]
2026-05-11 15:11:55  INFO      __main__  Saved pos_weight to data\processed\pos_weight.npy
2026-05-11 15:11:55  INFO      __main__  Preprocessing complete.
