2026-05-25 18:27:25  INFO      __main__  Loaded normalizer stats from config\norm_stats.npy
2026-05-25 18:27:25  INFO      __main__  Loaded pos_weight: [1.2930489778518677, 2.9776203632354736, 3.261805772781372, 3.4581520557403564, 7.21991491317749]
2026-05-25 18:27:26  INFO      __main__  Train: 17418 samples  Val: 2183 samples  sampling_rate=500 Hz  signal_length=5000
2026-05-25 18:27:27  INFO      __main__  PatchTST: patch_size=50  n_patches=100  d_model=256  parameters=4,779,013
2026-05-25 18:27:48  INFO      __main__  Starting training for 100 epochs  lr=3.0e-04  warmup=10
2026-05-26 22:03:10  INFO      __main__  Loaded normalizer stats from config\norm_stats.npy
2026-05-26 22:03:10  INFO      __main__  Loaded pos_weight: [1.2930489778518677, 2.9776203632354736, 3.261805772781372, 3.4581520557403564, 7.21991491317749]
2026-05-26 22:03:11  INFO      __main__  Train: 17418 samples  Val: 2183 samples  sampling_rate=500 Hz  signal_length=5000
2026-05-26 22:03:12  INFO      __main__  PatchTST: patch_size=100  n_patches=50  d_model=256  parameters=4,870,021
2026-05-26 22:03:24  INFO      __main__  Starting training for 100 epochs  lr=3.0e-04  warmup=10
2026-05-26 22:14:17  INFO      __main__  Loaded normalizer stats from config\norm_stats.npy
2026-05-26 22:14:17  INFO      __main__  Loaded pos_weight: [1.2930489778518677, 2.9776203632354736, 3.261805772781372, 3.4581520557403564, 7.21991491317749]
2026-05-26 22:14:17  INFO      __main__  Train: 17418 samples  Val: 2183 samples  sampling_rate=500 Hz  signal_length=5000
2026-05-26 22:14:19  INFO      __main__  PatchTST: patch_size=100  n_patches=50  d_model=128  parameters=566,981
2026-05-26 22:14:20  INFO      __main__  Starting training for 100 epochs  lr=1.0e-04  warmup=15
2026-05-26 22:15:16  INFO      __main__  Loaded normalizer stats from config\norm_stats.npy
2026-05-26 22:15:16  INFO      __main__  Loaded pos_weight: [1.2930489778518677, 2.9776203632354736, 3.261805772781372, 3.4581520557403564, 7.21991491317749]
2026-05-26 22:15:16  INFO      __main__  Train: 17418 samples  Val: 2183 samples  sampling_rate=500 Hz  signal_length=5000
2026-05-26 22:15:17  INFO      __main__  PatchTST: patch_size=100  n_patches=50  d_model=128  parameters=566,981
2026-05-26 22:15:19  INFO      __main__  Starting training for 100 epochs  lr=1.0e-04  warmup=15
2026-05-26 22:25:08  INFO      __main__  Loaded normalizer stats from config\norm_stats.npy
2026-05-26 22:25:08  INFO      __main__  Loaded pos_weight: [1.2930489778518677, 2.9776203632354736, 3.261805772781372, 3.4581520557403564, 7.21991491317749]
2026-05-26 22:25:09  INFO      __main__  Train: 17418 samples  Val: 2183 samples  sampling_rate=500 Hz  signal_length=5000
2026-05-26 22:25:10  INFO      __main__  PatchTST: patch_size=100  n_patches=50  d_model=128  parameters=566,981
2026-05-26 22:25:12  INFO      __main__  Starting training for 100 epochs  lr=1.0e-04  warmup=15
