2026-05-10 15:54:55  INFO      __main__  Loaded normalizer stats from config\norm_stats.npy
2026-05-10 15:54:55  INFO      __main__  Loaded pos_weight: [1.2930489778518677, 2.9776203632354736, 3.261805772781372, 3.4581520557403564, 7.21991491317749]
2026-05-10 15:54:55  INFO      __main__  Train: 17418 samples  Val: 2183 samples
2026-05-10 15:54:55  INFO      __main__  ResNet-1D parameters: 1,764,741
2026-05-10 16:01:17  INFO      __main__  Loaded normalizer stats from config\norm_stats.npy
2026-05-10 16:01:18  INFO      __main__  Loaded pos_weight: [1.2930489778518677, 2.9776203632354736, 3.261805772781372, 3.4581520557403564, 7.21991491317749]
2026-05-10 16:01:18  INFO      __main__  Train: 17418 samples  Val: 2183 samples
2026-05-10 16:01:18  INFO      __main__  ResNet-1D parameters: 1,764,741
2026-05-10 16:01:19  INFO      __main__  Starting training for 50 epochs …
2026-05-11 02:48:21  INFO      __main__  
Training complete. Best val macro F1: 0.7342 at epoch 18
2026-05-11 15:19:49  INFO      __main__  Loaded normalizer stats from config\norm_stats.npy
2026-05-11 15:19:49  INFO      __main__  Loaded pos_weight: [1.2930489778518677, 2.9776203632354736, 3.261805772781372, 3.4581520557403564, 7.21991491317749]
2026-05-11 15:19:50  INFO      __main__  Train: 17418 samples  Val: 2183 samples  sampling_rate=500 Hz  signal_length=5000
2026-05-11 15:20:27  INFO      __main__  Loaded normalizer stats from config\norm_stats.npy
2026-05-11 15:20:27  INFO      __main__  Loaded pos_weight: [1.2930489778518677, 2.9776203632354736, 3.261805772781372, 3.4581520557403564, 7.21991491317749]
2026-05-11 15:20:27  INFO      __main__  Train: 17418 samples  Val: 2183 samples  sampling_rate=500 Hz  signal_length=5000
2026-05-11 15:20:27  INFO      __main__  ResNet-1D parameters: 8,914,053
2026-05-11 15:21:09  INFO      __main__  Loaded normalizer stats from config\norm_stats.npy
2026-05-11 15:21:09  INFO      __main__  Loaded pos_weight: [1.2930489778518677, 2.9776203632354736, 3.261805772781372, 3.4581520557403564, 7.21991491317749]
2026-05-11 15:21:09  INFO      __main__  Train: 17418 samples  Val: 2183 samples  sampling_rate=500 Hz  signal_length=5000
2026-05-11 15:21:09  INFO      __main__  ResNet-1D parameters: 8,914,053
2026-05-11 15:21:17  INFO      __main__  Starting training for 100 epochs …
2026-05-11 18:03:40  INFO      __main__  
Training complete. Best val AUC=0.9302  F1=0.7334  at epoch 23
